{"asctime": "2026-05-29 23:31:01,371", "name": "api-gateway.__main__", "levelname": "INFO", "message": "Starting fix verification tests...\n", "module": "test_fixes", "funcName": "main", "lineno": 122}
{"asctime": "2026-05-29 23:31:01,372", "name": "api-gateway.__main__", "levelname": "INFO", "message": "=== Testing Protocol Message (Parameter Loss Fix) ===", "module": "test_fixes", "funcName": "test_protocol_message", "lineno": 15}
{"asctime": "2026-05-29 23:31:01,373", "name": "api-gateway.__main__", "levelname": "INFO", "message": "Created message: 559a5ab0-ddf5-48a4-9ce3-02ed67fcb92a", "module": "test_fixes", "funcName": "test_protocol_message", "lineno": 23}
{"asctime": "2026-05-29 23:31:01,373", "name": "api-gateway.__main__", "levelname": "INFO", "message": "Protocol: ProtocolType.MQTT", "module": "test_fixes", "funcName": "test_protocol_message", "lineno": 24}
{"asctime": "2026-05-29 23:31:01,373", "name": "api-gateway.__main__", "levelname": "INFO", "message": "Payload: {'test': 'value', 'number': 42}", "module": "test_fixes", "funcName": "test_protocol_message", "lineno": 25}
{"asctime": "2026-05-29 23:31:01,373", "name": "api-gateway.__main__", "levelname": "INFO", "message": "Raw data type: <class 'NoneType'>", "module": "test_fixes", "funcName": "test_protocol_message", "lineno": 26}
{"asctime": "2026-05-29 23:31:01,373", "name": "api-gateway.__main__", "levelname": "INFO", "message": "Serialized to dict: ['protocol', 'message_type', 'source', 'target', 'topic', 'payload', 'timestamp', 'message_id', 'headers', 'raw_data']", "module": "test_fixes", "funcName": "test_protocol_message", "lineno": 29}
{"asctime": "2026-05-29 23:31:01,373", "name": "api-gateway.__main__", "levelname": "INFO", "message": "Restored message ID: 559a5ab0-ddf5-48a4-9ce3-02ed67fcb92a", "module": "test_fixes", "funcName": "test_protocol_message", "lineno": 32}
{"asctime": "2026-05-29 23:31:01,373", "name": "api-gateway.__main__", "levelname": "INFO", "message": "\u2713 Protocol message serialization test passed", "module": "test_fixes", "funcName": "test_protocol_message", "lineno": 36}
{"asctime": "2026-05-29 23:31:01,376", "name": "api-gateway.__main__", "levelname": "INFO", "message": "\n=== Testing Router Thread Safety (Routing Fix) ===", "module": "test_fixes", "funcName": "test_router_thread_safety", "lineno": 40}
{"asctime": "2026-05-29 23:31:01,376", "name": "api-gateway.gateway.router", "levelname": "INFO", "message": "Registered target handler: mqtt1", "module": "router", "funcName": "register_target_handler", "lineno": 116}
{"asctime": "2026-05-29 23:31:01,376", "name": "api-gateway.gateway.router", "levelname": "INFO", "message": "Registered target handler: mqtt2", "module": "router", "funcName": "register_target_handler", "lineno": 116}
{"asctime": "2026-05-29 23:31:01,376", "name": "api-gateway.gateway.router", "levelname": "INFO", "message": "Registered target handler: http1", "module": "router", "funcName": "register_target_handler", "lineno": 116}
{"asctime": "2026-05-29 23:31:01,376", "name": "api-gateway.gateway.router", "levelname": "INFO", "message": "Added route rule: test_round_robin", "module": "router", "funcName": "add_rule", "lineno": 98}
{"asctime": "2026-05-29 23:31:01,521", "name": "api-gateway.__main__", "levelname": "INFO", "message": "Routing results: [['test_round_robin:mqtt1'], ['test_round_robin:mqtt2'], ['test_round_robin:http1'], ['test_round_robin:mqtt1'], ['test_round_robin:mqtt2'], ['test_round_robin:http1'], ['test_round_robin:mqtt1'], ['test_round_robin:mqtt2'], ['test_round_robin:http1']]", "module": "test_fixes", "funcName": "test_router_thread_safety", "lineno": 75}
{"asctime": "2026-05-29 23:31:01,521", "name": "api-gateway.__main__", "levelname": "INFO", "message": "Target distribution: ['mqtt1', 'mqtt2', 'http1', 'mqtt1', 'mqtt2', 'http1', 'mqtt1', 'mqtt2', 'http1']", "module": "test_fixes", "funcName": "test_router_thread_safety", "lineno": 78}
{"asctime": "2026-05-29 23:31:01,522", "name": "api-gateway.__main__", "levelname": "INFO", "message": "mqtt1: 3, mqtt2: 3, http1: 3", "module": "test_fixes", "funcName": "test_router_thread_safety", "lineno": 84}
{"asctime": "2026-05-29 23:31:01,522", "name": "api-gateway.__main__", "levelname": "INFO", "message": "\u2713 Round-robin routing test passed", "module": "test_fixes", "funcName": "test_router_thread_safety", "lineno": 89}
{"asctime": "2026-05-29 23:31:01,524", "name": "api-gateway.__main__", "levelname": "INFO", "message": "\n=== Testing Log Filtering (Redundancy Fix) ===", "module": "test_fixes", "funcName": "test_log_filtering", "lineno": 93}
{"asctime": "2026-05-29 23:31:01,524", "name": "api-gateway.__main__", "levelname": "INFO", "message": "Input: User password=secret123 logged in", "module": "test_fixes", "funcName": "test_log_filtering", "lineno": 114}
{"asctime": "2026-05-29 23:31:01,525", "name": "api-gateway.__main__", "levelname": "INFO", "message": "Output: User [REDACTED] logged in", "module": "test_fixes", "funcName": "test_log_filtering", "lineno": 115}
{"asctime": "2026-05-29 23:31:01,525", "name": "api-gateway.__main__", "levelname": "INFO", "message": "Input: API key: my_secret_key here", "module": "test_fixes", "funcName": "test_log_filtering", "lineno": 114}
{"asctime": "2026-05-29 23:31:01,525", "name": "api-gateway.__main__", "levelname": "INFO", "message": "Output: API key: my_secret_key here", "module": "test_fixes", "funcName": "test_log_filtering", "lineno": 115}
{"asctime": "2026-05-29 23:31:01,525", "name": "api-gateway.__main__", "levelname": "ERROR", "message": "Test failed: Expected '[REDACTED]' in output", "module": "test_fixes", "funcName": "main", "lineno": 134}
{"asctime": "2026-05-29 23:31:32,001", "name": "api-gateway.__main__", "levelname": "INFO", "message": "Starting fix verification tests...\n", "module": "test_fixes", "funcName": "main", "lineno": 122}
{"asctime": "2026-05-29 23:31:32,001", "name": "api-gateway.__main__", "levelname": "INFO", "message": "=== Testing Protocol Message (Parameter Loss Fix) ===", "module": "test_fixes", "funcName": "test_protocol_message", "lineno": 15}
{"asctime": "2026-05-29 23:31:32,002", "name": "api-gateway.__main__", "levelname": "INFO", "message": "Created message: 03f39f73-8bc7-466e-a2b7-fb30a6aaca94", "module": "test_fixes", "funcName": "test_protocol_message", "lineno": 23}
{"asctime": "2026-05-29 23:31:32,002", "name": "api-gateway.__main__", "levelname": "INFO", "message": "Protocol: ProtocolType.MQTT", "module": "test_fixes", "funcName": "test_protocol_message", "lineno": 24}
{"asctime": "2026-05-29 23:31:32,002", "name": "api-gateway.__main__", "levelname": "INFO", "message": "Payload: {'test': 'value', 'number': 42}", "module": "test_fixes", "funcName": "test_protocol_message", "lineno": 25}
{"asctime": "2026-05-29 23:31:32,003", "name": "api-gateway.__main__", "levelname": "INFO", "message": "Raw data type: <class 'NoneType'>", "module": "test_fixes", "funcName": "test_protocol_message", "lineno": 26}
{"asctime": "2026-05-29 23:31:32,003", "name": "api-gateway.__main__", "levelname": "INFO", "message": "Serialized to dict: ['protocol', 'message_type', 'source', 'target', 'topic', 'payload', 'timestamp', 'message_id', 'headers', 'raw_data']", "module": "test_fixes", "funcName": "test_protocol_message", "lineno": 29}
{"asctime": "2026-05-29 23:31:32,003", "name": "api-gateway.__main__", "levelname": "INFO", "message": "Restored message ID: 03f39f73-8bc7-466e-a2b7-fb30a6aaca94", "module": "test_fixes", "funcName": "test_protocol_message", "lineno": 32}
{"asctime": "2026-05-29 23:31:32,003", "name": "api-gateway.__main__", "levelname": "INFO", "message": "\u2713 Protocol message serialization test passed", "module": "test_fixes", "funcName": "test_protocol_message", "lineno": 36}
{"asctime": "2026-05-29 23:31:32,004", "name": "api-gateway.__main__", "levelname": "INFO", "message": "\n=== Testing Router Thread Safety (Routing Fix) ===", "module": "test_fixes", "funcName": "test_router_thread_safety", "lineno": 40}
{"asctime": "2026-05-29 23:31:32,004", "name": "api-gateway.gateway.router", "levelname": "INFO", "message": "Registered target handler: mqtt1", "module": "router", "funcName": "register_target_handler", "lineno": 116}
{"asctime": "2026-05-29 23:31:32,004", "name": "api-gateway.gateway.router", "levelname": "INFO", "message": "Registered target handler: mqtt2", "module": "router", "funcName": "register_target_handler", "lineno": 116}
{"asctime": "2026-05-29 23:31:32,004", "name": "api-gateway.gateway.router", "levelname": "INFO", "message": "Registered target handler: http1", "module": "router", "funcName": "register_target_handler", "lineno": 116}
{"asctime": "2026-05-29 23:31:32,004", "name": "api-gateway.gateway.router", "levelname": "INFO", "message": "Added route rule: test_round_robin", "module": "router", "funcName": "add_rule", "lineno": 98}
{"asctime": "2026-05-29 23:31:32,146", "name": "api-gateway.__main__", "levelname": "INFO", "message": "Routing results: [['test_round_robin:mqtt1'], ['test_round_robin:mqtt2'], ['test_round_robin:http1'], ['test_round_robin:mqtt1'], ['test_round_robin:mqtt2'], ['test_round_robin:http1'], ['test_round_robin:mqtt1'], ['test_round_robin:mqtt2'], ['test_round_robin:http1']]", "module": "test_fixes", "funcName": "test_router_thread_safety", "lineno": 75}
{"asctime": "2026-05-29 23:31:32,147", "name": "api-gateway.__main__", "levelname": "INFO", "message": "Target distribution: ['mqtt1', 'mqtt2', 'http1', 'mqtt1', 'mqtt2', 'http1', 'mqtt1', 'mqtt2', 'http1']", "module": "test_fixes", "funcName": "test_router_thread_safety", "lineno": 78}
{"asctime": "2026-05-29 23:31:32,148", "name": "api-gateway.__main__", "levelname": "INFO", "message": "mqtt1: 3, mqtt2: 3, http1: 3", "module": "test_fixes", "funcName": "test_router_thread_safety", "lineno": 84}
{"asctime": "2026-05-29 23:31:32,148", "name": "api-gateway.__main__", "levelname": "INFO", "message": "\u2713 Round-robin routing test passed", "module": "test_fixes", "funcName": "test_router_thread_safety", "lineno": 89}
{"asctime": "2026-05-29 23:31:32,148", "name": "api-gateway.__main__", "levelname": "INFO", "message": "\n=== Testing Log Filtering (Redundancy Fix) ===", "module": "test_fixes", "funcName": "test_log_filtering", "lineno": 93}
{"asctime": "2026-05-29 23:31:32,149", "name": "api-gateway.__main__", "levelname": "INFO", "message": "Input: User password=secret123 logged in", "module": "test_fixes", "funcName": "test_log_filtering", "lineno": 114}
{"asctime": "2026-05-29 23:31:32,149", "name": "api-gateway.__main__", "levelname": "INFO", "message": "Output: User [REDACTED] logged in", "module": "test_fixes", "funcName": "test_log_filtering", "lineno": 115}
{"asctime": "2026-05-29 23:31:32,149", "name": "api-gateway.__main__", "levelname": "INFO", "message": "Input: secret=my_secret_key here", "module": "test_fixes", "funcName": "test_log_filtering", "lineno": 114}
{"asctime": "2026-05-29 23:31:32,149", "name": "api-gateway.__main__", "levelname": "INFO", "message": "Output: [REDACTED] here", "module": "test_fixes", "funcName": "test_log_filtering", "lineno": 115}
{"asctime": "2026-05-29 23:31:32,149", "name": "api-gateway.__main__", "levelname": "INFO", "message": "Input: Token=abc123xyz now", "module": "test_fixes", "funcName": "test_log_filtering", "lineno": 114}
{"asctime": "2026-05-29 23:31:32,149", "name": "api-gateway.__main__", "levelname": "INFO", "message": "Output: [REDACTED] now", "module": "test_fixes", "funcName": "test_log_filtering", "lineno": 115}
{"asctime": "2026-05-29 23:31:32,149", "name": "api-gateway.__main__", "levelname": "INFO", "message": "\u2713 Log filtering test passed", "module": "test_fixes", "funcName": "test_log_filtering", "lineno": 118}
{"asctime": "2026-05-29 23:31:32,151", "name": "api-gateway.__main__", "levelname": "INFO", "message": "\n==================================================", "module": "test_fixes", "funcName": "main", "lineno": 129}
{"asctime": "2026-05-29 23:31:32,151", "name": "api-gateway.__main__", "levelname": "INFO", "message": "ALL TESTS PASSED! \u2713", "module": "test_fixes", "funcName": "main", "lineno": 130}
{"asctime": "2026-05-29 23:31:32,151", "name": "api-gateway.__main__", "levelname": "INFO", "message": "==================================================", "module": "test_fixes", "funcName": "main", "lineno": 131}
{"asctime": "2026-05-29 23:51:42,249", "name": "api-gateway.__main__", "levelname": "INFO", "message": "Starting refactoring verification tests...\n", "module": "test_refactor", "funcName": "main", "lineno": 217}
{"asctime": "2026-05-29 23:51:42,252", "name": "api-gateway.__main__", "levelname": "INFO", "message": "=== Testing Protocol Pipeline ===", "module": "test_refactor", "funcName": "test_pipeline", "lineno": 25}
{"asctime": "2026-05-29 23:51:42,253", "name": "api-gateway.__main__", "levelname": "INFO", "message": "Pipeline inbound result: {'temperature': 25.5, 'humidity': 60, '_ingest_timestamp': '2026-05-29T23:51:42.253484', '_source_protocol': 'http'}", "module": "test_refactor", "funcName": "test_pipeline", "lineno": 39}
{"asctime": "2026-05-29 23:51:42,253", "name": "api-gateway.__main__", "levelname": "INFO", "message": "\u2713 Pipeline test passed", "module": "test_refactor", "funcName": "test_pipeline", "lineno": 43}
{"asctime": "2026-05-29 23:51:42,253", "name": "api-gateway.__main__", "levelname": "INFO", "message": "\n=== Testing Codec System ===", "module": "test_refactor", "funcName": "test_codec_system", "lineno": 47}
{"asctime": "2026-05-29 23:51:42,253", "name": "api-gateway.__main__", "levelname": "INFO", "message": "\u2713 Codec system test passed", "module": "test_refactor", "funcName": "test_codec_system", "lineno": 67}
{"asctime": "2026-05-29 23:51:42,253", "name": "api-gateway.__main__", "levelname": "INFO", "message": "\n=== Testing Protocol Converter Transformer ===", "module": "test_refactor", "funcName": "test_protocol_converter", "lineno": 71}
{"asctime": "2026-05-29 23:51:42,255", "name": "api-gateway.__main__", "levelname": "INFO", "message": "Converted: ProtocolType.MQTT, topic: converted/serial1/data", "module": "test_refactor", "funcName": "test_protocol_converter", "lineno": 79}
{"asctime": "2026-05-29 23:51:42,255", "name": "api-gateway.__main__", "levelname": "INFO", "message": "\u2713 Protocol converter test passed", "module": "test_refactor", "funcName": "test_protocol_converter", "lineno": 83}
{"asctime": "2026-05-29 23:51:42,255", "name": "api-gateway.__main__", "levelname": "INFO", "message": "\n=== Testing Pipeline Registry ===", "module": "test_refactor", "funcName": "test_pipeline_registry", "lineno": 87}
{"asctime": "2026-05-29 23:51:42,255", "name": "api-gateway.protocols.pipeline", "levelname": "INFO", "message": "Registered pipeline: serial", "module": "pipeline", "funcName": "register", "lineno": 302}
{"asctime": "2026-05-29 23:51:42,255", "name": "api-gateway.protocols.pipeline", "levelname": "INFO", "message": "Registered pipeline: mqtt", "module": "pipeline", "funcName": "register", "lineno": 302}
{"asctime": "2026-05-29 23:51:42,256", "name": "api-gateway.__main__", "levelname": "INFO", "message": "Registry: ['serial', 'mqtt']", "module": "test_refactor", "funcName": "test_pipeline_registry", "lineno": 102}
{"asctime": "2026-05-29 23:51:42,256", "name": "api-gateway.__main__", "levelname": "INFO", "message": "\u2713 Pipeline registry test passed", "module": "test_refactor", "funcName": "test_pipeline_registry", "lineno": 103}
{"asctime": "2026-05-29 23:51:42,256", "name": "api-gateway.__main__", "levelname": "INFO", "message": "\n=== Testing Dynamic Router ===", "module": "test_refactor", "funcName": "test_dynamic_router", "lineno": 107}
{"asctime": "2026-05-29 23:51:42,256", "name": "api-gateway.gateway.dynamic_router", "levelname": "INFO", "message": "Dynamic route handler registered: mqtt1", "module": "dynamic_router", "funcName": "register_handler", "lineno": 218}
{"asctime": "2026-05-29 23:51:42,256", "name": "api-gateway.gateway.dynamic_router", "levelname": "INFO", "message": "Dynamic route handler registered: http1", "module": "dynamic_router", "funcName": "register_handler", "lineno": 218}
{"asctime": "2026-05-29 23:51:42,256", "name": "api-gateway.gateway.dynamic_router", "levelname": "INFO", "message": "Dynamic route added: serial_to_mqtt (priority=10)", "module": "dynamic_router", "funcName": "add_rule", "lineno": 201}
{"asctime": "2026-05-29 23:51:42,257", "name": "api-gateway.__main__", "levelname": "INFO", "message": "Dynamic route result: {'serial_to_mqtt:mqtt1': True}", "module": "test_refactor", "funcName": "test_dynamic_router", "lineno": 130}
{"asctime": "2026-05-29 23:51:42,257", "name": "api-gateway.__main__", "levelname": "INFO", "message": "\u2713 Dynamic router test passed", "module": "test_refactor", "funcName": "test_dynamic_router", "lineno": 132}
{"asctime": "2026-05-29 23:51:42,257", "name": "api-gateway.__main__", "levelname": "INFO", "message": "\n=== Testing Protocol Filter (Blacklist/Whitelist) ===", "module": "test_refactor", "funcName": "test_protocol_filter", "lineno": 136}
{"asctime": "2026-05-29 23:51:42,257", "name": "api-gateway.gateway.protection", "levelname": "INFO", "message": "Filter rule added: block_unknown", "module": "protection", "funcName": "add_rule", "lineno": 119}
{"asctime": "2026-05-29 23:51:42,257", "name": "api-gateway.gateway.protection", "levelname": "INFO", "message": "Filter rule added: block_debug_topic", "module": "protection", "funcName": "add_rule", "lineno": 119}
{"asctime": "2026-05-29 23:51:42,257", "name": "api-gateway.gateway.protection", "levelname": "WARNING", "message": "Message blocked by filter: source=unknown_device, protocol=mqtt, topic=device/data", "module": "protection", "funcName": "allow", "lineno": 151}
{"asctime": "2026-05-29 23:51:42,259", "name": "api-gateway.gateway.protection", "levelname": "WARNING", "message": "Message blocked by filter: source=sensor1, protocol=mqtt, topic=device/debug", "module": "protection", "funcName": "allow", "lineno": 151}
{"asctime": "2026-05-29 23:51:42,259", "name": "api-gateway.gateway.protection", "levelname": "INFO", "message": "Protocol filter mode set to: whitelist", "module": "protection", "funcName": "set_mode", "lineno": 109}
{"asctime": "2026-05-29 23:51:42,260", "name": "api-gateway.gateway.protection", "levelname": "INFO", "message": "Filter rule added: allow_sensors", "module": "protection", "funcName": "add_rule", "lineno": 119}
{"asctime": "2026-05-29 23:51:42,260", "name": "api-gateway.__main__", "levelname": "ERROR", "message": "Test failed: Should block non-whitelisted", "module": "test_refactor", "funcName": "main", "lineno": 234}
{"asctime": "2026-05-29 23:52:25,655", "name": "api-gateway.__main__", "levelname": "INFO", "message": "Starting refactoring verification tests...\n", "module": "test_refactor", "funcName": "main", "lineno": 219}
{"asctime": "2026-05-29 23:52:25,656", "name": "api-gateway.__main__", "levelname": "INFO", "message": "=== Testing Protocol Pipeline ===", "module": "test_refactor", "funcName": "test_pipeline", "lineno": 25}
{"asctime": "2026-05-29 23:52:25,656", "name": "api-gateway.__main__", "levelname": "INFO", "message": "Pipeline inbound result: {'temperature': 25.5, 'humidity': 60, '_ingest_timestamp': '2026-05-29T23:52:25.656142', '_source_protocol': 'http'}", "module": "test_refactor", "funcName": "test_pipeline", "lineno": 39}
{"asctime": "2026-05-29 23:52:25,656", "name": "api-gateway.__main__", "levelname": "INFO", "message": "\u2713 Pipeline test passed", "module": "test_refactor", "funcName": "test_pipeline", "lineno": 43}
{"asctime": "2026-05-29 23:52:25,656", "name": "api-gateway.__main__", "levelname": "INFO", "message": "\n=== Testing Codec System ===", "module": "test_refactor", "funcName": "test_codec_system", "lineno": 47}
{"asctime": "2026-05-29 23:52:25,656", "name": "api-gateway.__main__", "levelname": "INFO", "message": "\u2713 Codec system test passed", "module": "test_refactor", "funcName": "test_codec_system", "lineno": 67}
{"asctime": "2026-05-29 23:52:25,656", "name": "api-gateway.__main__", "levelname": "INFO", "message": "\n=== Testing Protocol Converter Transformer ===", "module": "test_refactor", "funcName": "test_protocol_converter", "lineno": 71}
{"asctime": "2026-05-29 23:52:25,656", "name": "api-gateway.__main__", "levelname": "INFO", "message": "Converted: ProtocolType.MQTT, topic: converted/serial1/data", "module": "test_refactor", "funcName": "test_protocol_converter", "lineno": 79}
{"asctime": "2026-05-29 23:52:25,656", "name": "api-gateway.__main__", "levelname": "INFO", "message": "\u2713 Protocol converter test passed", "module": "test_refactor", "funcName": "test_protocol_converter", "lineno": 83}
{"asctime": "2026-05-29 23:52:25,656", "name": "api-gateway.__main__", "levelname": "INFO", "message": "\n=== Testing Pipeline Registry ===", "module": "test_refactor", "funcName": "test_pipeline_registry", "lineno": 87}
{"asctime": "2026-05-29 23:52:25,656", "name": "api-gateway.protocols.pipeline", "levelname": "INFO", "message": "Registered pipeline: serial", "module": "pipeline", "funcName": "register", "lineno": 302}
{"asctime": "2026-05-29 23:52:25,656", "name": "api-gateway.protocols.pipeline", "levelname": "INFO", "message": "Registered pipeline: mqtt", "module": "pipeline", "funcName": "register", "lineno": 302}
{"asctime": "2026-05-29 23:52:25,656", "name": "api-gateway.__main__", "levelname": "INFO", "message": "Registry: ['serial', 'mqtt']", "module": "test_refactor", "funcName": "test_pipeline_registry", "lineno": 102}
{"asctime": "2026-05-29 23:52:25,656", "name": "api-gateway.__main__", "levelname": "INFO", "message": "\u2713 Pipeline registry test passed", "module": "test_refactor", "funcName": "test_pipeline_registry", "lineno": 103}
{"asctime": "2026-05-29 23:52:25,659", "name": "api-gateway.__main__", "levelname": "INFO", "message": "\n=== Testing Dynamic Router ===", "module": "test_refactor", "funcName": "test_dynamic_router", "lineno": 107}
{"asctime": "2026-05-29 23:52:25,659", "name": "api-gateway.gateway.dynamic_router", "levelname": "INFO", "message": "Dynamic route handler registered: mqtt1", "module": "dynamic_router", "funcName": "register_handler", "lineno": 218}
{"asctime": "2026-05-29 23:52:25,659", "name": "api-gateway.gateway.dynamic_router", "levelname": "INFO", "message": "Dynamic route handler registered: http1", "module": "dynamic_router", "funcName": "register_handler", "lineno": 218}
{"asctime": "2026-05-29 23:52:25,659", "name": "api-gateway.gateway.dynamic_router", "levelname": "INFO", "message": "Dynamic route added: serial_to_mqtt (priority=10)", "module": "dynamic_router", "funcName": "add_rule", "lineno": 201}
{"asctime": "2026-05-29 23:52:25,659", "name": "api-gateway.__main__", "levelname": "INFO", "message": "Dynamic route result: {'serial_to_mqtt:mqtt1': True}", "module": "test_refactor", "funcName": "test_dynamic_router", "lineno": 130}
{"asctime": "2026-05-29 23:52:25,659", "name": "api-gateway.__main__", "levelname": "INFO", "message": "\u2713 Dynamic router test passed", "module": "test_refactor", "funcName": "test_dynamic_router", "lineno": 132}
{"asctime": "2026-05-29 23:52:25,659", "name": "api-gateway.__main__", "levelname": "INFO", "message": "\n=== Testing Protocol Filter (Blacklist/Whitelist) ===", "module": "test_refactor", "funcName": "test_protocol_filter", "lineno": 136}
{"asctime": "2026-05-29 23:52:25,659", "name": "api-gateway.gateway.protection", "levelname": "INFO", "message": "Filter rule added: block_unknown", "module": "protection", "funcName": "add_rule", "lineno": 119}
{"asctime": "2026-05-29 23:52:25,659", "name": "api-gateway.gateway.protection", "levelname": "INFO", "message": "Filter rule added: block_debug_topic", "module": "protection", "funcName": "add_rule", "lineno": 119}
{"asctime": "2026-05-29 23:52:25,659", "name": "api-gateway.gateway.protection", "levelname": "WARNING", "message": "Message blocked by filter: source=unknown_device, protocol=mqtt, topic=device/data", "module": "protection", "funcName": "allow", "lineno": 151}
{"asctime": "2026-05-29 23:52:25,659", "name": "api-gateway.gateway.protection", "levelname": "WARNING", "message": "Message blocked by filter: source=sensor1, protocol=mqtt, topic=device/debug", "module": "protection", "funcName": "allow", "lineno": 151}
{"asctime": "2026-05-29 23:52:25,659", "name": "api-gateway.gateway.protection", "levelname": "INFO", "message": "Filter rule removed: block_unknown", "module": "protection", "funcName": "remove_rule", "lineno": 126}
{"asctime": "2026-05-29 23:52:25,659", "name": "api-gateway.gateway.protection", "levelname": "INFO", "message": "Filter rule removed: block_debug_topic", "module": "protection", "funcName": "remove_rule", "lineno": 126}
{"asctime": "2026-05-29 23:52:25,659", "name": "api-gateway.gateway.protection", "levelname": "INFO", "message": "Protocol filter mode set to: whitelist", "module": "protection", "funcName": "set_mode", "lineno": 109}
{"asctime": "2026-05-29 23:52:25,659", "name": "api-gateway.gateway.protection", "levelname": "INFO", "message": "Filter rule added: allow_sensors", "module": "protection", "funcName": "add_rule", "lineno": 119}
{"asctime": "2026-05-29 23:52:25,659", "name": "api-gateway.gateway.protection", "levelname": "WARNING", "message": "Message blocked by filter: source=unknown_device, protocol=mqtt, topic=device/data", "module": "protection", "funcName": "allow", "lineno": 151}
{"asctime": "2026-05-29 23:52:25,664", "name": "api-gateway.__main__", "levelname": "INFO", "message": "Filter stats: {'mode': 'whitelist', 'total_rules': 1, 'active_rules': 1, 'total_checked': 5, 'total_allowed': 2, 'total_blocked': 3}", "module": "test_refactor", "funcName": "test_protocol_filter", "lineno": 165}
{"asctime": "2026-05-29 23:52:25,664", "name": "api-gateway.__main__", "levelname": "INFO", "message": "\u2713 Protocol filter test passed", "module": "test_refactor", "funcName": "test_protocol_filter", "lineno": 166}
{"asctime": "2026-05-29 23:52:25,664", "name": "api-gateway.__main__", "levelname": "INFO", "message": "\n=== Testing Circuit Breaker ===", "module": "test_refactor", "funcName": "test_circuit_breaker", "lineno": 170}
{"asctime": "2026-05-29 23:52:25,664", "name": "api-gateway.gateway.protection", "levelname": "WARNING", "message": "Circuit breaker 'test_adapter': closed -> open", "module": "protection", "funcName": "_transition_to", "lineno": 278}
{"asctime": "2026-05-29 23:57:02,404", "name": "api-gateway.__main__", "levelname": "INFO", "message": "Starting refactoring verification tests...\n", "module": "test_refactor", "funcName": "main", "lineno": 218}
{"asctime": "2026-05-29 23:57:02,404", "name": "api-gateway.__main__", "levelname": "INFO", "message": "=== Testing Protocol Pipeline ===", "module": "test_refactor", "funcName": "test_pipeline", "lineno": 25}
{"asctime": "2026-05-29 23:57:02,404", "name": "api-gateway.__main__", "levelname": "INFO", "message": "Pipeline inbound result: {'temperature': 25.5, 'humidity': 60, '_ingest_timestamp': '2026-05-29T23:57:02.404110', '_source_protocol': 'http'}", "module": "test_refactor", "funcName": "test_pipeline", "lineno": 39}
{"asctime": "2026-05-29 23:57:02,404", "name": "api-gateway.__main__", "levelname": "INFO", "message": "\u2713 Pipeline test passed", "module": "test_refactor", "funcName": "test_pipeline", "lineno": 43}
{"asctime": "2026-05-29 23:57:02,404", "name": "api-gateway.__main__", "levelname": "INFO", "message": "\n=== Testing Codec System ===", "module": "test_refactor", "funcName": "test_codec_system", "lineno": 47}
{"asctime": "2026-05-29 23:57:02,404", "name": "api-gateway.__main__", "levelname": "INFO", "message": "\u2713 Codec system test passed", "module": "test_refactor", "funcName": "test_codec_system", "lineno": 67}
{"asctime": "2026-05-29 23:57:02,404", "name": "api-gateway.__main__", "levelname": "INFO", "message": "\n=== Testing Protocol Converter Transformer ===", "module": "test_refactor", "funcName": "test_protocol_converter", "lineno": 71}
{"asctime": "2026-05-29 23:57:02,404", "name": "api-gateway.__main__", "levelname": "INFO", "message": "Converted: ProtocolType.MQTT, topic: converted/serial1/data", "module": "test_refactor", "funcName": "test_protocol_converter", "lineno": 79}
{"asctime": "2026-05-29 23:57:02,408", "name": "api-gateway.__main__", "levelname": "INFO", "message": "\u2713 Protocol converter test passed", "module": "test_refactor", "funcName": "test_protocol_converter", "lineno": 83}
{"asctime": "2026-05-29 23:57:02,408", "name": "api-gateway.__main__", "levelname": "INFO", "message": "\n=== Testing Pipeline Registry ===", "module": "test_refactor", "funcName": "test_pipeline_registry", "lineno": 87}
{"asctime": "2026-05-29 23:57:02,408", "name": "api-gateway.protocols.pipeline", "levelname": "INFO", "message": "Registered pipeline: serial", "module": "pipeline", "funcName": "register", "lineno": 302}
{"asctime": "2026-05-29 23:57:02,408", "name": "api-gateway.protocols.pipeline", "levelname": "INFO", "message": "Registered pipeline: mqtt", "module": "pipeline", "funcName": "register", "lineno": 302}
{"asctime": "2026-05-29 23:57:02,408", "name": "api-gateway.__main__", "levelname": "INFO", "message": "Registry: ['serial', 'mqtt']", "module": "test_refactor", "funcName": "test_pipeline_registry", "lineno": 102}
{"asctime": "2026-05-29 23:57:02,408", "name": "api-gateway.__main__", "levelname": "INFO", "message": "\u2713 Pipeline registry test passed", "module": "test_refactor", "funcName": "test_pipeline_registry", "lineno": 103}
{"asctime": "2026-05-29 23:57:02,408", "name": "api-gateway.__main__", "levelname": "INFO", "message": "\n=== Testing Dynamic Router ===", "module": "test_refactor", "funcName": "test_dynamic_router", "lineno": 107}
{"asctime": "2026-05-29 23:57:02,408", "name": "api-gateway.gateway.dynamic_router", "levelname": "INFO", "message": "Dynamic route handler registered: mqtt1", "module": "dynamic_router", "funcName": "register_handler", "lineno": 218}
{"asctime": "2026-05-29 23:57:02,408", "name": "api-gateway.gateway.dynamic_router", "levelname": "INFO", "message": "Dynamic route handler registered: http1", "module": "dynamic_router", "funcName": "register_handler", "lineno": 218}
{"asctime": "2026-05-29 23:57:02,408", "name": "api-gateway.gateway.dynamic_router", "levelname": "INFO", "message": "Dynamic route added: serial_to_mqtt (priority=10)", "module": "dynamic_router", "funcName": "add_rule", "lineno": 201}
{"asctime": "2026-05-29 23:57:02,408", "name": "api-gateway.__main__", "levelname": "INFO", "message": "Dynamic route result: {'serial_to_mqtt:mqtt1': True}", "module": "test_refactor", "funcName": "test_dynamic_router", "lineno": 130}
{"asctime": "2026-05-29 23:57:02,408", "name": "api-gateway.__main__", "levelname": "INFO", "message": "\u2713 Dynamic router test passed", "module": "test_refactor", "funcName": "test_dynamic_router", "lineno": 132}
{"asctime": "2026-05-29 23:57:02,410", "name": "api-gateway.__main__", "levelname": "INFO", "message": "\n=== Testing Protocol Filter (Blacklist/Whitelist) ===", "module": "test_refactor", "funcName": "test_protocol_filter", "lineno": 136}
{"asctime": "2026-05-29 23:57:02,410", "name": "api-gateway.gateway.protection", "levelname": "INFO", "message": "Filter rule added: block_unknown", "module": "protection", "funcName": "add_rule", "lineno": 119}
{"asctime": "2026-05-29 23:57:02,410", "name": "api-gateway.gateway.protection", "levelname": "INFO", "message": "Filter rule added: block_debug_topic", "module": "protection", "funcName": "add_rule", "lineno": 119}
{"asctime": "2026-05-29 23:57:02,411", "name": "api-gateway.gateway.protection", "levelname": "WARNING", "message": "Message blocked by filter: source=unknown_device, protocol=mqtt, topic=device/data", "module": "protection", "funcName": "allow", "lineno": 151}
{"asctime": "2026-05-29 23:57:02,411", "name": "api-gateway.gateway.protection", "levelname": "WARNING", "message": "Message blocked by filter: source=sensor1, protocol=mqtt, topic=device/debug", "module": "protection", "funcName": "allow", "lineno": 151}
{"asctime": "2026-05-29 23:57:02,411", "name": "api-gateway.gateway.protection", "levelname": "INFO", "message": "Filter rule removed: block_unknown", "module": "protection", "funcName": "remove_rule", "lineno": 126}
{"asctime": "2026-05-29 23:57:02,411", "name": "api-gateway.gateway.protection", "levelname": "INFO", "message": "Filter rule removed: block_debug_topic", "module": "protection", "funcName": "remove_rule", "lineno": 126}
{"asctime": "2026-05-29 23:57:02,411", "name": "api-gateway.gateway.protection", "levelname": "INFO", "message": "Protocol filter mode set to: whitelist", "module": "protection", "funcName": "set_mode", "lineno": 109}
{"asctime": "2026-05-29 23:57:02,411", "name": "api-gateway.gateway.protection", "levelname": "INFO", "message": "Filter rule added: allow_sensors", "module": "protection", "funcName": "add_rule", "lineno": 119}
{"asctime": "2026-05-29 23:57:02,411", "name": "api-gateway.gateway.protection", "levelname": "WARNING", "message": "Message blocked by filter: source=unknown_device, protocol=mqtt, topic=device/data", "module": "protection", "funcName": "allow", "lineno": 151}
{"asctime": "2026-05-29 23:57:02,411", "name": "api-gateway.__main__", "levelname": "INFO", "message": "Filter stats: {'mode': 'whitelist', 'total_rules': 1, 'active_rules': 1, 'total_checked': 5, 'total_allowed': 2, 'total_blocked': 3}", "module": "test_refactor", "funcName": "test_protocol_filter", "lineno": 165}
{"asctime": "2026-05-29 23:57:02,411", "name": "api-gateway.__main__", "levelname": "INFO", "message": "\u2713 Protocol filter test passed", "module": "test_refactor", "funcName": "test_protocol_filter", "lineno": 166}
{"asctime": "2026-05-29 23:57:02,413", "name": "api-gateway.__main__", "levelname": "INFO", "message": "\n=== Testing Circuit Breaker ===", "module": "test_refactor", "funcName": "test_circuit_breaker", "lineno": 170}
{"asctime": "2026-05-29 23:57:02,413", "name": "api-gateway.gateway.protection", "levelname": "WARNING", "message": "Circuit breaker 'test_adapter': closed -> open", "module": "protection", "funcName": "_transition_to", "lineno": 278}
{"asctime": "2026-05-29 23:57:03,028", "name": "api-gateway.gateway.protection", "levelname": "WARNING", "message": "Circuit breaker 'test_adapter': open -> half_open", "module": "protection", "funcName": "_transition_to", "lineno": 278}
{"asctime": "2026-05-29 23:57:03,033", "name": "api-gateway.gateway.protection", "levelname": "WARNING", "message": "Circuit breaker 'test_adapter': half_open -> closed", "module": "protection", "funcName": "_transition_to", "lineno": 278}
{"asctime": "2026-05-29 23:57:03,038", "name": "api-gateway.__main__", "levelname": "INFO", "message": "Circuit breaker stats: {'name': 'test_adapter', 'state': 'closed', 'failure_count': 0, 'success_count': 0, 'failure_threshold': 3, 'recovery_timeout': 0.5, 'last_failure_time': '2026-05-29T23:57:02.413759', 'last_state_change': '2026-05-29T23:57:03.033380', 'total_calls': 2, 'total_failures': 3, 'total_rejected': 1}", "module": "test_refactor", "funcName": "test_circuit_breaker", "lineno": 196}
{"asctime": "2026-05-29 23:57:03,038", "name": "api-gateway.__main__", "levelname": "INFO", "message": "\u2713 Circuit breaker test passed", "module": "test_refactor", "funcName": "test_circuit_breaker", "lineno": 197}
{"asctime": "2026-05-29 23:57:03,042", "name": "api-gateway.__main__", "levelname": "INFO", "message": "\n=== Testing Circuit Breaker Registry ===", "module": "test_refactor", "funcName": "test_circuit_breaker_registry", "lineno": 201}
{"asctime": "2026-05-29 23:57:03,042", "name": "api-gateway.gateway.protection", "levelname": "INFO", "message": "Circuit breaker created: adapter1", "module": "protection", "funcName": "get_or_create", "lineno": 324}
{"asctime": "2026-05-29 23:57:03,043", "name": "api-gateway.gateway.protection", "levelname": "INFO", "message": "Circuit breaker created: adapter2", "module": "protection", "funcName": "get_or_create", "lineno": 324}
{"asctime": "2026-05-29 23:57:03,043", "name": "api-gateway.__main__", "levelname": "INFO", "message": "Registry stats: ['adapter1', 'adapter2']", "module": "test_refactor", "funcName": "test_circuit_breaker_registry", "lineno": 213}
{"asctime": "2026-05-29 23:57:03,043", "name": "api-gateway.__main__", "levelname": "INFO", "message": "\u2713 Circuit breaker registry test passed", "module": "test_refactor", "funcName": "test_circuit_breaker_registry", "lineno": 214}
{"asctime": "2026-05-29 23:57:03,043", "name": "api-gateway.__main__", "levelname": "INFO", "message": "\n==================================================", "module": "test_refactor", "funcName": "main", "lineno": 230}
{"asctime": "2026-05-29 23:57:03,043", "name": "api-gateway.__main__", "levelname": "INFO", "message": "ALL TESTS PASSED! \u2713", "module": "test_refactor", "funcName": "main", "lineno": 231}
{"asctime": "2026-05-29 23:57:03,043", "name": "api-gateway.__main__", "levelname": "INFO", "message": "==================================================", "module": "test_refactor", "funcName": "main", "lineno": 232}
