[2026-05-30 08:00:01] [INFO] [cli.parser:12] 已加载环境变量文件: .env
[2026-05-30 08:00:02] [DEBUG] [config_center.factory:45] 初始化配置中心: apollo
[2026-05-30 08:00:03] [INFO] [config_center.apollo:78] 连接到 Apollo 配置中心: http://apollo.example.com
[2026-05-30 08:00:04] [INFO] [cli.config:54] 获取配置成功，共 28 个配置项
[2026-05-30 08:00:05] [WARNING] [config_center.apollo:120] 配置项 db.password 已超过 30 天未更新
[2026-05-30 08:00:06] [DEBUG] [config_diff.comparator:32] 开始比对配置差异
[2026-05-30 08:00:07] [INFO] [config_diff.comparator:56] 比对完成，发现 3 处变更
[2026-05-30 08:00:08] [ERROR] [remote.client:89] 连接远程服务失败: Connection refused
[2026-05-30 08:00:09] [WARNING] [remote.client:92] 重试连接 (1/3)...
[2026-05-30 08:00:10] [INFO] [remote.client:95] 成功连接到远程服务: server-01
[2026-05-30 08:00:11] [DEBUG] [rollback.manager:45] 检查回滚任务状态
[2026-05-30 08:00:12] [INFO] [rollback.manager:67] 没有待处理的回滚任务
[2026-05-30 08:00:13] [ERROR] [config_center.apollo:156] 发布配置失败: 权限不足
[2026-05-30 08:00:14] [CRITICAL] [cli.config:165] 配置发布流程中断，请检查权限设置
[2026-05-30 08:00:15] [INFO] [cli.config:170] 已记录错误日志，准备退出程序
[2026-05-30 09:00:01] [INFO] [cli.parser:12] 已加载环境变量文件: .env
[2026-05-30 09:00:02] [INFO] [config_center.nacos:45] 连接到 Nacos 配置中心: http://nacos.example.com
[2026-05-30 09:00:03] [DEBUG] [cli.config:50] 正在获取配置: application
[2026-05-30 09:00:04] [INFO] [cli.config:54] 获取配置成功，共 35 个配置项
[2026-05-30 09:00:05] [WARNING] [config_center.nacos:89] 命名空间 test 不存在，使用默认命名空间
[2026-05-30 09:00:06] [INFO] [remote.batch:23] 开始批量执行任务，共 5 个目标
[2026-05-30 09:00:07] [DEBUG] [remote.batch:34] 正在处理目标: server-01
[2026-05-30 09:00:08] [INFO] [remote.batch:45] 目标 server-01 执行成功
[2026-05-30 09:00:09] [DEBUG] [remote.batch:34] 正在处理目标: server-02
[2026-05-30 09:00:10] [ERROR] [remote.batch:42] 目标 server-02 执行失败: Timeout
[2026-05-30 09:00:11] [DEBUG] [remote.batch:34] 正在处理目标: server-03
[2026-05-30 09:00:12] [INFO] [remote.batch:45] 目标 server-03 执行成功
[2026-05-30 09:00:13] [DEBUG] [remote.batch:34] 正在处理目标: server-04
[2026-05-30 09:00:14] [INFO] [remote.batch:45] 目标 server-04 执行成功
[2026-05-30 09:00:15] [DEBUG] [remote.batch:34] 正在处理目标: server-05
[2026-05-30 09:00:16] [WARNING] [remote.batch:48] 目标 server-05 执行超时，已跳过
[2026-05-30 09:00:17] [INFO] [remote.batch:56] 批量任务完成: 成功 3，失败 1，跳过 1
[2026-05-30 10:00:01] [INFO] [cli.parser:12] 已加载环境变量文件: .env
[2026-05-30 10:00:02] [DEBUG] [version_db.db:23] 连接版本数据库: sqlite:///versions.db
[2026-05-30 10:00:03] [INFO] [version_db.db:45] 数据库连接成功，当前版本表有 128 条记录
[2026-05-30 10:00:04] [DEBUG] [cli.config:190] 正在查询发布历史: application
[2026-05-30 10:00:05] [INFO] [cli.config:195] 查询到 10 条历史记录
[2026-05-30 10:00:06] [DEBUG] [config_diff.comparator:32] 开始比对配置差异
[2026-05-30 10:00:07] [INFO] [config_diff.comparator:56] 比对完成，发现 0 处变更
[2026-05-30 10:00:08] [INFO] [cli.diff:43] 配置比对完成，无差异
[2026-05-30 10:00:09] [DEBUG] [cli.config:245] 开始同步配置: 从 dev 到 prod
[2026-05-30 10:00:10] [INFO] [cli.config:275] 从 dev 获取配置，共 42 个配置项
[2026-05-30 10:00:11] [INFO] [cli.config:289] ✓ 同步成功
